<?xml version="1.0" encoding="windows-1252" standalone="no"?>
<!DOCTYPE log SYSTEM "logger.dtd">
<log>
<record>
  <date>2018-07-11T15:54:23</date>
  <millis>1531304663537</millis>
  <sequence>144</sequence>
  <logger>com.lxisoft.contactApp.controller.ContactSearchServlet</logger>
  <level>INFO</level>
  <class>com.lxisoft.contactApp.controller.ContactSearchServlet</class>
  <method>doGet</method>
  <thread>26</thread>
  <message>********************ContactSearchServlet**********************doGet---------&gt; start</message>
</record>
<record>
  <date>2018-07-11T15:54:23</date>
  <millis>1531304663541</millis>
  <sequence>145</sequence>
  <logger>com.lxisoft.contactApp.service.impl.ContactServiceImpl</logger>
  <level>INFO</level>
  <class>com.lxisoft.contactApp.service.impl.ContactServiceImpl</class>
  <method>findAll</method>
  <thread>26</thread>
  <message>********************ContactServiceImpl**********************findAll---------&gt;start</message>
</record>
<record>
  <date>2018-07-11T15:54:23</date>
  <millis>1531304663545</millis>
  <sequence>146</sequence>
  <logger>com.lxisoft.contactApp.repository.ContactRepository</logger>
  <level>INFO</level>
  <class>com.lxisoft.contactApp.repository.ContactRepository</class>
  <method>findAll</method>
  <thread>26</thread>
  <message>********************ContactRepository**********************findAll---------&gt; start</message>
</record>
<record>
  <date>2018-07-11T15:54:23</date>
  <millis>1531304663555</millis>
  <sequence>147</sequence>
  <logger>com.lxisoft.contactApp.repository.ContactRepository</logger>
  <level>INFO</level>
  <class>com.lxisoft.contactApp.repository.ContactRepository</class>
  <method>findAll</method>
  <thread>26</thread>
  <message>********************ContactRepository**********************findAll---------&gt; end</message>
</record>
<record>
  <date>2018-07-11T15:54:23</date>
  <millis>1531304663567</millis>
  <sequence>148</sequence>
  <logger>com.lxisoft.contactApp.utility.PropertiesFileUtility</logger>
  <level>INFO</level>
  <class>com.lxisoft.contactApp.utility.PropertiesFileUtility</class>
  <method>getPropertyObject</method>
  <thread>26</thread>
  <message>********************PropertiesFileUtility**********************newPropertyObject---------&gt; start</message>
</record>
<record>
  <date>2018-07-11T15:54:23</date>
  <millis>1531304663569</millis>
  <sequence>149</sequence>
  <logger>com.lxisoft.contactApp.utility.PropertiesFileUtility</logger>
  <level>INFO</level>
  <class>com.lxisoft.contactApp.utility.PropertiesFileUtility</class>
  <method>getPropertyObject</method>
  <thread>26</thread>
  <message>********************PropertiesFileUtility**********************newPropertyObject---------&gt; end</message>
</record>
<record>
  <date>2018-07-11T15:54:23</date>
  <millis>1531304663577</millis>
  <sequence>150</sequence>
  <logger>com.lxisoft.contactApp.controller.ContactSearchServlet</logger>
  <level>INFO</level>
  <class>com.lxisoft.contactApp.controller.ContactSearchServlet</class>
  <method>doGet</method>
  <thread>26</thread>
  <message>********************ContactSearchServlet**********************doGet---------&gt; End</message>
</record>
